current directory: /Users/amitabhadey/Developer/photography/adey-virtual-env/ruby/3.2.0/gems/http_parser.rb-0.8.1/ext/ruby_http_parser
/Users/amitabhadey/.rbenv/versions/3.2.4/bin/ruby extconf.rb
creating Makefile

current directory: /Users/amitabhadey/Developer/photography/adey-virtual-env/ruby/3.2.0/gems/http_parser.rb-0.8.1/ext/ruby_http_parser
make DESTDIR\= sitearchdir\=./.gem.20260627-87598-658cv4 sitelibdir\=./.gem.20260627-87598-658cv4 clean

current directory: /Users/amitabhadey/Developer/photography/adey-virtual-env/ruby/3.2.0/gems/http_parser.rb-0.8.1/ext/ruby_http_parser
make DESTDIR\= sitearchdir\=./.gem.20260627-87598-658cv4 sitelibdir\=./.gem.20260627-87598-658cv4
compiling ruby_http_parser.c
In file included from ruby_http_parser.c:1:
In file included from /Users/amitabhadey/.rbenv/versions/3.2.4/include/ruby-3.2.0/ruby.h:38:
In file included from /Users/amitabhadey/.rbenv/versions/3.2.4/include/ruby-3.2.0/ruby/ruby.h:28:
In file included from /Users/amitabhadey/.rbenv/versions/3.2.4/include/ruby-3.2.0/ruby/internal/arithmetic.h:24:
In file included from /Users/amitabhadey/.rbenv/versions/3.2.4/include/ruby-3.2.0/ruby/internal/arithmetic/char.h:29:
/Users/amitabhadey/.rbenv/versions/3.2.4/include/ruby-3.2.0/ruby/internal/core/rstring.h:465:24: warning: default initialization of an object of type 'struct RString' with const member leaves the object uninitialized [-Wdefault-const-init-field-unsafe]
  465 |         struct RString retval;
      |                        ^
/Users/amitabhadey/.rbenv/versions/3.2.4/include/ruby-3.2.0/ruby/internal/core/rbasic.h:88:17: note: member 'klass' declared 'const' here
   88 |     const VALUE klass;
      |                 ^
ruby_http_parser.c:373:17: warning: comparison of integers of different signs: 'size_t' (aka 'unsigned long') and 'long' [-Wsign-compare]
  373 |     if (nparsed < len)
      |         ~~~~~~~ ^ ~~~
2 warnings generated.
compiling ryah_http_parser.c
linking shared-object ruby_http_parser.bundle
ld: warning: ignoring duplicate libraries: '-lruby.3.2'

current directory: /Users/amitabhadey/Developer/photography/adey-virtual-env/ruby/3.2.0/gems/http_parser.rb-0.8.1/ext/ruby_http_parser
make DESTDIR\= sitearchdir\=./.gem.20260627-87598-658cv4 sitelibdir\=./.gem.20260627-87598-658cv4 install
/usr/bin/install -c -m 0755 ruby_http_parser.bundle ./.gem.20260627-87598-658cv4

current directory: /Users/amitabhadey/Developer/photography/adey-virtual-env/ruby/3.2.0/gems/http_parser.rb-0.8.1/ext/ruby_http_parser
make DESTDIR\= sitearchdir\=./.gem.20260627-87598-658cv4 sitelibdir\=./.gem.20260627-87598-658cv4 clean
